This file contains any messages produced by compilers while
running configure, to aid debugging if configure makes a mistake.

configure:571: checking for a BSD compatible install
configure:624: checking whether build environment is sane
configure:681: checking whether make sets ${MAKE}
configure:727: checking for working aclocal
configure:740: checking for working autoconf
configure:753: checking for working automake
configure:766: checking for working autoheader
configure:779: checking for working makeinfo
configure:793: checking whether to enable maintainer-specific portions of Makefiles
configure:871: checking for glib-config
configure:906: checking for GLIB - version >= 1.2.0
configure:1005: cc -o conftest  -I/usr/lib/glib/include   conftest.c -L/usr/lib -lglib  1>&5
configure:1091: checking for gcc
configure:1204: checking whether the C compiler (gcc  ) works
configure:1220: gcc -o conftest    conftest.c  1>&5
configure:1246: checking whether the C compiler (gcc  ) is a cross-compiler
configure:1251: checking whether we are using GNU C
configure:1279: checking whether gcc accepts -g
configure:1313: checking for ranlib
configure:1342: checking how to run the C preprocessor
configure:1422: checking for ANSI C header files
configure:1527: checking for working const
configure:1602: checking for inline
configure:1642: checking for size_t
configure:1676: checking return type of signal handlers
configure:1765: checking for sdl-config
configure:1800: checking for SDL - version >= 1.1.3
configure:1885: gcc -o conftest  -I/usr/include/SDL -D_REENTRANT   conftest.c  -L/usr/lib -Wl,-rpath,/usr/lib -lSDL -lpthread 1>&5
configure:1967: checking for jpeg_start_compress in -ljpeg
